Using pre-set license
Built from '2021.3/staging' branch; Version is '2021.3.1f1 (3b70a0754835) revision 3895456'; Using compiler version '192829333'; Build Type 'Release'
OS: 'Windows 11  (10.0.22000) 64bit Core' Language: 'en' Physical Memory: 8023 MB
BatchMode: 1, IsHumanControllingUs: 0, StartBugReporterOnCrash: 0, Is64bit: 1, IsPro: 1

COMMAND LINE ARGUMENTS:
C:\Program Files\Unity\Hub\Editor\2021.3.1f1\Editor\Unity.exe
-adb2
-batchMode
-noUpm
-name
AssetImportWorker1
-projectPath
C:/Users/fanat/source/repos/unity3dexamples/Carcassone/CarcassoneClient
-logFile
Logs/AssetImportWorker1.log
-srvPort
56744
Successfully changed project path to: C:/Users/fanat/source/repos/unity3dexamples/Carcassone/CarcassoneClient
C:/Users/fanat/source/repos/unity3dexamples/Carcassone/CarcassoneClient
[UnityMemory] Configuration Parameters - Can be set up in boot.config
    "memorysetup-bucket-allocator-granularity=16"
    "memorysetup-bucket-allocator-bucket-count=8"
    "memorysetup-bucket-allocator-block-size=33554432"
    "memorysetup-bucket-allocator-block-count=8"
    "memorysetup-main-allocator-block-size=16777216"
    "memorysetup-thread-allocator-block-size=16777216"
    "memorysetup-gfx-main-allocator-block-size=16777216"
    "memorysetup-gfx-thread-allocator-block-size=16777216"
    "memorysetup-cache-allocator-block-size=4194304"
    "memorysetup-typetree-allocator-block-size=2097152"
    "memorysetup-profiler-bucket-allocator-granularity=16"
    "memorysetup-profiler-bucket-allocator-bucket-count=8"
    "memorysetup-profiler-bucket-allocator-block-size=33554432"
    "memorysetup-profiler-bucket-allocator-block-count=8"
    "memorysetup-profiler-allocator-block-size=16777216"
    "memorysetup-profiler-editor-allocator-block-size=1048576"
    "memorysetup-temp-allocator-size-main=16777216"
    "memorysetup-job-temp-allocator-block-size=2097152"
    "memorysetup-job-temp-allocator-block-size-background=1048576"
    "memorysetup-job-temp-allocator-reduction-small-platforms=262144"
    "memorysetup-temp-allocator-size-background-worker=32768"
    "memorysetup-temp-allocator-size-job-worker=262144"
    "memorysetup-temp-allocator-size-preload-manager=33554432"
    "memorysetup-temp-allocator-size-nav-mesh-worker=65536"
    "memorysetup-temp-allocator-size-audio-worker=65536"
    "memorysetup-temp-allocator-size-cloud-worker=32768"
    "memorysetup-temp-allocator-size-gi-baking-worker=262144"
    "memorysetup-temp-allocator-size-gfx=262144"
Refreshing native plugins compatible for Editor in 89.78 ms, found 4 plugins.
Preloading 0 native plugins for Editor in 0.00 ms.
Initialize engine version: 2021.3.1f1 (3b70a0754835)
[Subsystems] Discovering subsystems at path C:/Program Files/Unity/Hub/Editor/2021.3.1f1/Editor/Data/Resources/UnitySubsystems
[Subsystems] Discovering subsystems at path C:/Users/fanat/source/repos/unity3dexamples/Carcassone/CarcassoneClient/Assets
GfxDevice: creating device client; threaded=0; jobified=0
Direct3D:
    Version:  Direct3D 11.0 [level 11.1]
    Renderer: NVIDIA GeForce GTX 1650 (ID=0x1f99)
    Vendor:   NVIDIA
    VRAM:     3962 MB
    Driver:   27.21.14.5167
Initialize mono
Mono path[0] = 'C:/Program Files/Unity/Hub/Editor/2021.3.1f1/Editor/Data/Managed'
Mono path[1] = 'C:/Program Files/Unity/Hub/Editor/2021.3.1f1/Editor/Data/MonoBleedingEdge/lib/mono/unityjit-win32'
Mono config path = 'C:/Program Files/Unity/Hub/Editor/2021.3.1f1/Editor/Data/MonoBleedingEdge/etc'
Using monoOptions --debugger-agent=transport=dt_socket,embedding=1,server=y,suspend=n,address=127.0.0.1:56568
Begin MonoManager ReloadAssembly
Registering precompiled unity dll's ...
Register platform support module: C:/Program Files/Unity/Hub/Editor/2021.3.1f1/Editor/Data/PlaybackEngines/WebGLSupport/UnityEditor.WebGL.Extensions.dll
Register platform support module: C:/Program Files/Unity/Hub/Editor/2021.3.1f1/Editor/Data/PlaybackEngines/AndroidPlayer/UnityEditor.Android.Extensions.dll
Register platform support module: C:/Program Files/Unity/Hub/Editor/2021.3.1f1/Editor/Data/PlaybackEngines/WindowsStandaloneSupport/UnityEditor.WindowsStandalone.Extensions.dll
Registered in 0.003866 seconds.
Native extension for WindowsStandalone target not found
Native extension for Android target not found
Native extension for WebGL target not found
Refreshing native plugins compatible for Editor in 83.94 ms, found 4 plugins.
Preloading 0 native plugins for Editor in 0.00 ms.
Mono: successfully reloaded assembly
- Completed reload, in  1.113 seconds
Domain Reload Profiling:
	ReloadAssembly (1113ms)
		BeginReloadAssembly (135ms)
			ExecutionOrderSort (0ms)
			DisableScriptedObjects (0ms)
			BackupInstance (0ms)
			ReleaseScriptingObjects (0ms)
			CreateAndSetChildDomain (1ms)
		EndReloadAssembly (739ms)
			LoadAssemblies (134ms)
			RebuildTransferFunctionScriptingTraits (0ms)
			SetupTypeCache (374ms)
			ReleaseScriptCaches (0ms)
			RebuildScriptCaches (29ms)
			SetupLoadedEditorAssemblies (288ms)
				LogAssemblyErrors (0ms)
				InitializePlatformSupportModulesInManaged (54ms)
				SetLoadedEditorAssemblies (0ms)
				RefreshPlugins (84ms)
				BeforeProcessingInitializeOnLoad (1ms)
				ProcessInitializeOnLoadAttributes (103ms)
				ProcessInitializeOnLoadMethodAttributes (46ms)
				AfterProcessingInitializeOnLoad (0ms)
				EditorAssembliesLoaded (0ms)
			ExecutionOrderSort2 (0ms)
			AwakeInstancesAfterBackupRestoration (0ms)
Platform modules already initialized, skipping
Registering precompiled user dll's ...
Registered in 0.005118 seconds.
Android Extension - Scanning For ADB Devices 5618 ms
Begin MonoManager ReloadAssembly
Symbol file LoadedFromMemory doesn't match image C:\Users\fanat\source\repos\unity3dexamples\Carcassone\CarcassoneClient\Library\PackageCache\com.unity.visualscripting@1.7.6\Editor\VisualScripting.Core\Dependencies\YamlDotNet\Unity.VisualScripting.YamlDotNet.dll
Symbol file LoadedFromMemory is not a mono symbol file
Symbol file LoadedFromMemory doesn't match image C:\Users\fanat\source\repos\unity3dexamples\Carcassone\CarcassoneClient\Library\PackageCache\com.unity.visualscripting@1.7.6\Editor\VisualScripting.Core\Dependencies\DotNetZip\Unity.VisualScripting.IonicZip.dll
Symbol file LoadedFromMemory is not a mono symbol file
Native extension for WindowsStandalone target not found
Native extension for Android target not found
Native extension for WebGL target not found
Refreshing native plugins compatible for Editor in 81.97 ms, found 4 plugins.
Preloading 0 native plugins for Editor in 0.00 ms.
Mono: successfully reloaded assembly
- Completed reload, in  1.627 seconds
Domain Reload Profiling:
	ReloadAssembly (1627ms)
		BeginReloadAssembly (114ms)
			ExecutionOrderSort (0ms)
			DisableScriptedObjects (5ms)
			BackupInstance (0ms)
			ReleaseScriptingObjects (0ms)
			CreateAndSetChildDomain (22ms)
		EndReloadAssembly (1394ms)
			LoadAssemblies (184ms)
			RebuildTransferFunctionScriptingTraits (0ms)
			SetupTypeCache (543ms)
			ReleaseScriptCaches (1ms)
			RebuildScriptCaches (72ms)
			SetupLoadedEditorAssemblies (543ms)
				LogAssemblyErrors (0ms)
				InitializePlatformSupportModulesInManaged (14ms)
				SetLoadedEditorAssemblies (0ms)
				RefreshPlugins (82ms)
				BeforeProcessingInitializeOnLoad (88ms)
				ProcessInitializeOnLoadAttributes (301ms)
				ProcessInitializeOnLoadMethodAttributes (53ms)
				AfterProcessingInitializeOnLoad (5ms)
				EditorAssembliesLoaded (0ms)
			ExecutionOrderSort2 (0ms)
			AwakeInstancesAfterBackupRestoration (6ms)
Platform modules already initialized, skipping
========================================================================
Worker process is ready to serve import requests
Launched and connected shader compiler UnityShaderCompiler.exe after 0.11 seconds
Refreshing native plugins compatible for Editor in 0.75 ms, found 4 plugins.
Preloading 0 native plugins for Editor in 0.00 ms.
Unloading 3940 Unused Serialized files (Serialized files now loaded: 0)
Unloading 42 unused Assets / (225.5 KB). Loaded Objects now: 4395.
Memory consumption went from 150.3 MB to 150.0 MB.
Total: 7.076300 ms (FindLiveObjects: 0.521300 ms CreateObjectMapping: 0.659400 ms MarkObjects: 5.718400 ms  DeleteObjects: 0.175800 ms)

AssetImportParameters requested are different than current active one (requested -> active):
  custom:video-decoder-ogg-theora: a1e56fd34408186e4bbccfd4996cb3dc -> 
  custom:container-muxer-webm: aa71ff27fc2769a1b78a27578f13a17b -> 
  custom:container-demuxer-webm: 4f35f7cbe854078d1ac9338744f61a02 -> 
  custom:video-encoder-webm-vp8: eb34c28f22e8b96e1ab97ce403110664 -> 
  custom:audio-encoder-webm-vorbis: bf7c407c2cedff20999df2af8eb42d56 -> 
  custom:framework-win-MediaFoundation: 216162199b28c13a410421893ffa2e32 -> 
  custom:container-demuxer-ogg: 62fdf1f143b41e24485cea50d1cbac27 -> 
  custom:video-decoder-webm-vp8: 9c59270c3fd7afecdb556c50c9e8de78 -> 
  custom:audio-decoder-ogg-vorbis: bf7c407c2cedff20999df2af8eb42d56 -> 
========================================================================
Received Import Request.
  Time since last request: 1409660.730657 seconds.
  path: Assets/Resources/Cards/River/FWWF.prefab
  artifactKey: Guid(d0f7d5794ada99542899a60071860fa4) Importer(815301076,1909f56bfc062723c751e8b465ee728b)
Start importing Assets/Resources/Cards/River/FWWF.prefab using Guid(d0f7d5794ada99542899a60071860fa4) Importer(815301076,1909f56bfc062723c751e8b465ee728b)  -> (artifact id: '00d54d36a348a587469dd4eecd869508') in 0.204462 seconds 
========================================================================
Received Import Request.
  Time since last request: 0.000029 seconds.
  path: Assets/Resources/Cards/CRRC_1.bmp
  artifactKey: Guid(5dcc010821dd8e144a36fd8056ef41a6) Importer(815301076,1909f56bfc062723c751e8b465ee728b)
Start importing Assets/Resources/Cards/CRRC_1.bmp using Guid(5dcc010821dd8e144a36fd8056ef41a6) Importer(815301076,1909f56bfc062723c751e8b465ee728b)  -> (artifact id: '5d203f683fc2d7acc89c08708f6a4b13') in 0.089616 seconds 
========================================================================
Received Import Request.
  Time since last request: 0.000032 seconds.
  path: Assets/Resources/Cards/CCFF.prefab
  artifactKey: Guid(6cab00865d0b10d4783c14ab3df5bf8d) Importer(815301076,1909f56bfc062723c751e8b465ee728b)
Start importing Assets/Resources/Cards/CCFF.prefab using Guid(6cab00865d0b10d4783c14ab3df5bf8d) Importer(815301076,1909f56bfc062723c751e8b465ee728b)  -> (artifact id: '0db8ff2052b3d98cb9eea86a1692d1a5') in 0.023790 seconds 
========================================================================
Received Import Request.
  Time since last request: 0.000025 seconds.
  path: Assets/Resources/Cards/River/WFWF_1.bmp
  artifactKey: Guid(aa31c15079e728b4a81c075a71a0970b) Importer(815301076,1909f56bfc062723c751e8b465ee728b)
Start importing Assets/Resources/Cards/River/WFWF_1.bmp using Guid(aa31c15079e728b4a81c075a71a0970b) Importer(815301076,1909f56bfc062723c751e8b465ee728b)  -> (artifact id: '6ed9cdd9487777096bbe3b20b18b5ca3') in 0.030619 seconds 
========================================================================
Received Import Request.
  Time since last request: 0.000042 seconds.
  path: Assets/Resources/Cards/River/FWWF.bmp
  artifactKey: Guid(2cadb591bf53dcf4ab59471130e8d301) Importer(815301076,1909f56bfc062723c751e8b465ee728b)
Start importing Assets/Resources/Cards/River/FWWF.bmp using Guid(2cadb591bf53dcf4ab59471130e8d301) Importer(815301076,1909f56bfc062723c751e8b465ee728b)  -> (artifact id: '5ab08bd2d9de02fb082ffcd48d1aee7a') in 0.021079 seconds 
========================================================================
Received Import Request.
  Time since last request: 0.000029 seconds.
  path: Assets/Resources/Cards/FFRR.prefab
  artifactKey: Guid(d5fdd02ef1fd4534a920aadf81316033) Importer(815301076,1909f56bfc062723c751e8b465ee728b)
Start importing Assets/Resources/Cards/FFRR.prefab using Guid(d5fdd02ef1fd4534a920aadf81316033) Importer(815301076,1909f56bfc062723c751e8b465ee728b)  -> (artifact id: 'f072340beb237563e623ce8ebd4832c5') in 0.028233 seconds 
========================================================================
Received Import Request.
  Time since last request: 0.000062 seconds.
  path: Assets/Resources/Cards/CCFC_1.prefab
  artifactKey: Guid(1350d449c776ad14283ff76c085d5630) Importer(815301076,1909f56bfc062723c751e8b465ee728b)
Start importing Assets/Resources/Cards/CCFC_1.prefab using Guid(1350d449c776ad14283ff76c085d5630) Importer(815301076,1909f56bfc062723c751e8b465ee728b)  -> (artifact id: '437beb0ccc71beb3c85d36d4b8f4b76b') in 0.041349 seconds 
========================================================================
Received Import Request.
  Time since last request: 0.000043 seconds.
  path: Assets/Resources/Cards/RFRF.prefab
  artifactKey: Guid(c5467df0074e544418f4dd1d7577fdb8) Importer(815301076,1909f56bfc062723c751e8b465ee728b)
Start importing Assets/Resources/Cards/RFRF.prefab using Guid(c5467df0074e544418f4dd1d7577fdb8) Importer(815301076,1909f56bfc062723c751e8b465ee728b)  -> (artifact id: '14b62e594c5f8f11889ee3907ed9d8ac') in 0.030863 seconds 
========================================================================
Received Import Request.
  Time since last request: 0.000033 seconds.
  path: Assets/Resources/Cards/RFRF.png
  artifactKey: Guid(8b511ac2bb8f6ec4dab1c8003c5d4ea9) Importer(815301076,1909f56bfc062723c751e8b465ee728b)
Start importing Assets/Resources/Cards/RFRF.png using Guid(8b511ac2bb8f6ec4dab1c8003c5d4ea9) Importer(815301076,1909f56bfc062723c751e8b465ee728b)  -> (artifact id: 'b5b6b3eb17adeb0f599bfbd0a0d54367') in 0.030724 seconds 
========================================================================
Received Import Request.
  Time since last request: 0.000026 seconds.
  path: Assets/Resources/Cards/CRRC.prefab
  artifactKey: Guid(1fff7c29522a9dc4da78942fa1a0b771) Importer(815301076,1909f56bfc062723c751e8b465ee728b)
Start importing Assets/Resources/Cards/CRRC.prefab using Guid(1fff7c29522a9dc4da78942fa1a0b771) Importer(815301076,1909f56bfc062723c751e8b465ee728b)  -> (artifact id: '1572c8e2ad59f5e0ee7f90c2f5616845') in 0.029277 seconds 
========================================================================
Received Import Request.
  Time since last request: 0.000171 seconds.
  path: Assets/Resources/Cards/FFRF.png
  artifactKey: Guid(9ce94388c6ebf3b4fb6dfbd1286438db) Importer(815301076,1909f56bfc062723c751e8b465ee728b)
Start importing Assets/Resources/Cards/FFRF.png using Guid(9ce94388c6ebf3b4fb6dfbd1286438db) Importer(815301076,1909f56bfc062723c751e8b465ee728b)  -> (artifact id: 'bcb303fc6f0c15b086c126c875e68de1') in 0.033319 seconds 
========================================================================
Received Import Request.
  Time since last request: 0.000022 seconds.
  path: Assets/Resources/Cards/CCRC.bmp
  artifactKey: Guid(1f8cb3cdcda450d43b3d1c715e65f991) Importer(815301076,1909f56bfc062723c751e8b465ee728b)
Start importing Assets/Resources/Cards/CCRC.bmp using Guid(1f8cb3cdcda450d43b3d1c715e65f991) Importer(815301076,1909f56bfc062723c751e8b465ee728b)  -> (artifact id: '10d2ed1f7a193075fd9da437fc7cf640') in 0.032429 seconds 
========================================================================
Received Import Request.
  Time since last request: 0.000026 seconds.
  path: Assets/Resources/Cards/CRRR.png
  artifactKey: Guid(74747e0049f983b44ae086c303088d87) Importer(815301076,1909f56bfc062723c751e8b465ee728b)
Start importing Assets/Resources/Cards/CRRR.png using Guid(74747e0049f983b44ae086c303088d87) Importer(815301076,1909f56bfc062723c751e8b465ee728b)  -> (artifact id: '7e45e6e93914b6b78b5d75cb41496d97') in 0.029074 seconds 
========================================================================
Received Import Request.
  Time since last request: 0.000053 seconds.
  path: Assets/Resources/Cards/River/RWRW.prefab
  artifactKey: Guid(2a6d68b0be4567f4590052f830a584a5) Importer(815301076,1909f56bfc062723c751e8b465ee728b)
Start importing Assets/Resources/Cards/River/RWRW.prefab using Guid(2a6d68b0be4567f4590052f830a584a5) Importer(815301076,1909f56bfc062723c751e8b465ee728b)  -> (artifact id: '9065c966d13395f9b7913bf113ad84e3') in 0.023668 seconds 
========================================================================
Received Import Request.
  Time since last request: 0.000079 seconds.
  path: Assets/Resources/Cards/River/FWWF_1.bmp
  artifactKey: Guid(30782b9aa6e51514ea17d6f4a2340af8) Importer(815301076,1909f56bfc062723c751e8b465ee728b)
Start importing Assets/Resources/Cards/River/FWWF_1.bmp using Guid(30782b9aa6e51514ea17d6f4a2340af8) Importer(815301076,1909f56bfc062723c751e8b465ee728b)  -> (artifact id: '0b0b325d37b30958885d61f7a06916aa') in 0.028267 seconds 
========================================================================
Received Import Request.
  Time since last request: 0.000059 seconds.
  path: Assets/Resources/Cards/CFFC.bmp
  artifactKey: Guid(127ec1429f853054ba2e94c438c72e98) Importer(815301076,1909f56bfc062723c751e8b465ee728b)
Start importing Assets/Resources/Cards/CFFC.bmp using Guid(127ec1429f853054ba2e94c438c72e98) Importer(815301076,1909f56bfc062723c751e8b465ee728b)  -> (artifact id: '65a671a98842053cc7827692e8b05b2a') in 0.028919 seconds 
========================================================================
Received Import Request.
  Time since last request: 0.000036 seconds.
  path: Assets/Resources/Cards/River/FWWF_1.prefab
  artifactKey: Guid(eacc09150de031b44b2674b9a6624a6f) Importer(815301076,1909f56bfc062723c751e8b465ee728b)
Start importing Assets/Resources/Cards/River/FWWF_1.prefab using Guid(eacc09150de031b44b2674b9a6624a6f) Importer(815301076,1909f56bfc062723c751e8b465ee728b)  -> (artifact id: 'edd573642a9386763502b8cceb731ac3') in 0.024147 seconds 
========================================================================
Received Import Request.
  Time since last request: 0.000037 seconds.
  path: Assets/Resources/Cards/River/WCWR.bmp
  artifactKey: Guid(51f61da1325538845af87b55ee3db4ae) Importer(815301076,1909f56bfc062723c751e8b465ee728b)
Start importing Assets/Resources/Cards/River/WCWR.bmp using Guid(51f61da1325538845af87b55ee3db4ae) Importer(815301076,1909f56bfc062723c751e8b465ee728b)  -> (artifact id: '8b4b42ef2521f61f8fdf05feb7c82bc0') in 0.028442 seconds 
========================================================================
Received Import Request.
  Time since last request: 0.000022 seconds.
  path: Assets/Resources/Cards/CRRC_1.prefab
  artifactKey: Guid(f34710f0cfbc4e44db1def37dcbeb8a9) Importer(815301076,1909f56bfc062723c751e8b465ee728b)
Start importing Assets/Resources/Cards/CRRC_1.prefab using Guid(f34710f0cfbc4e44db1def37dcbeb8a9) Importer(815301076,1909f56bfc062723c751e8b465ee728b)  -> (artifact id: 'd93145537c22e21a121d108d70efe766') in 0.022765 seconds 
========================================================================
Received Import Request.
  Time since last request: 0.000041 seconds.
  path: Assets/Resources/Cards/CFFC.prefab
  artifactKey: Guid(3f4919002004d2a4d8e6c62cd7532f9c) Importer(815301076,1909f56bfc062723c751e8b465ee728b)
Start importing Assets/Resources/Cards/CFFC.prefab using Guid(3f4919002004d2a4d8e6c62cd7532f9c) Importer(815301076,1909f56bfc062723c751e8b465ee728b)  -> (artifact id: 'e73ae6fff91385f326d0a7383269c3b5') in 0.029490 seconds 
========================================================================
Received Import Request.
  Time since last request: 0.000027 seconds.
  path: Assets/Resources/Cards/FCFC.png
  artifactKey: Guid(814a801179c836349b5a13d8029d0bfc) Importer(815301076,1909f56bfc062723c751e8b465ee728b)
Start importing Assets/Resources/Cards/FCFC.png using Guid(814a801179c836349b5a13d8029d0bfc) Importer(815301076,1909f56bfc062723c751e8b465ee728b)  -> (artifact id: 'a27cfa8e15750c0661f72fc3a0236a2b') in 0.034335 seconds 
========================================================================
Received Import Request.
  Time since last request: 0.000030 seconds.
  path: Assets/Resources/Cards/River/WFFF.bmp
  artifactKey: Guid(c6c80df960861f240b2d5b8b88239aca) Importer(815301076,1909f56bfc062723c751e8b465ee728b)
Start importing Assets/Resources/Cards/River/WFFF.bmp using Guid(c6c80df960861f240b2d5b8b88239aca) Importer(815301076,1909f56bfc062723c751e8b465ee728b)  -> (artifact id: 'eb3729e12a4638c440562a6787b78eb5') in 0.033544 seconds 
========================================================================
Received Import Request.
  Time since last request: 0.000026 seconds.
  path: Assets/Resources/Cards/CRRC.png
  artifactKey: Guid(4183a82b0a66889489e19211deeabdd4) Importer(815301076,1909f56bfc062723c751e8b465ee728b)
Start importing Assets/Resources/Cards/CRRC.png using Guid(4183a82b0a66889489e19211deeabdd4) Importer(815301076,1909f56bfc062723c751e8b465ee728b)  -> (artifact id: '75516db91b8b21adf0be93d716f1e3a5') in 0.032605 seconds 
========================================================================
Received Import Request.
  Time since last request: 0.000046 seconds.
  path: Assets/Resources/Cards/FCFC_2.bmp
  artifactKey: Guid(2828001d7a4019344b41074289eb73e3) Importer(815301076,1909f56bfc062723c751e8b465ee728b)
Start importing Assets/Resources/Cards/FCFC_2.bmp using Guid(2828001d7a4019344b41074289eb73e3) Importer(815301076,1909f56bfc062723c751e8b465ee728b)  -> (artifact id: 'a19332f2d2b2edc6f91ad8f4b0235f4e') in 0.031148 seconds 
========================================================================
Received Import Request.
  Time since last request: 0.000029 seconds.
  path: Assets/Resources/Cards
  artifactKey: Guid(c792475783007b944a6a13aac30ac1ee) Importer(815301076,1909f56bfc062723c751e8b465ee728b)
Start importing Assets/Resources/Cards using Guid(c792475783007b944a6a13aac30ac1ee) Importer(815301076,1909f56bfc062723c751e8b465ee728b)  -> (artifact id: '14c54e5f7946c12e0fd72d1ccd08678e') in 0.008532 seconds 
========================================================================
Received Import Request.
  Time since last request: 0.000038 seconds.
  path: Assets/Resources/Cards/CFFF.prefab
  artifactKey: Guid(4c505883246ca6e47a52a2f91d7bd81a) Importer(815301076,1909f56bfc062723c751e8b465ee728b)
Start importing Assets/Resources/Cards/CFFF.prefab using Guid(4c505883246ca6e47a52a2f91d7bd81a) Importer(815301076,1909f56bfc062723c751e8b465ee728b)  -> (artifact id: '40871a2fff838784da19408501c09b96') in 0.031128 seconds 
========================================================================
Received Import Request.
  Time since last request: 0.000038 seconds.
  path: Assets/Resources/Cards/RRRR.prefab
  artifactKey: Guid(19af98cab5d197e42aa08cc35e1f08b3) Importer(815301076,1909f56bfc062723c751e8b465ee728b)
Start importing Assets/Resources/Cards/RRRR.prefab using Guid(19af98cab5d197e42aa08cc35e1f08b3) Importer(815301076,1909f56bfc062723c751e8b465ee728b)  -> (artifact id: '447ceb154163a6be809a62e5aa86d55e') in 0.022748 seconds 
========================================================================
Received Import Request.
  Time since last request: 0.000022 seconds.
  path: Assets/Resources/Cards/River/CWCW.bmp
  artifactKey: Guid(687b05f0e29112b498d31d9fa0374a0c) Importer(815301076,1909f56bfc062723c751e8b465ee728b)
Start importing Assets/Resources/Cards/River/CWCW.bmp using Guid(687b05f0e29112b498d31d9fa0374a0c) Importer(815301076,1909f56bfc062723c751e8b465ee728b)  -> (artifact id: 'ef64f99dd2432be21a7ec78e31eac702') in 0.024118 seconds 
========================================================================
Received Import Request.
  Time since last request: 0.000037 seconds.
  path: Assets/Resources/Cards/CRRF.prefab
  artifactKey: Guid(68bd2b5e1c9dd5b4186b9dd3b24788b5) Importer(815301076,1909f56bfc062723c751e8b465ee728b)
Start importing Assets/Resources/Cards/CRRF.prefab using Guid(68bd2b5e1c9dd5b4186b9dd3b24788b5) Importer(815301076,1909f56bfc062723c751e8b465ee728b)  -> (artifact id: '9f02267167d666c9a243c48447efbf71') in 0.028259 seconds 
========================================================================
Received Import Request.
  Time since last request: 0.000033 seconds.
  path: Assets/Resources/Cards/CCRC.prefab
  artifactKey: Guid(8253367bd4d301a45b82f2e74971231b) Importer(815301076,1909f56bfc062723c751e8b465ee728b)
Start importing Assets/Resources/Cards/CCRC.prefab using Guid(8253367bd4d301a45b82f2e74971231b) Importer(815301076,1909f56bfc062723c751e8b465ee728b)  -> (artifact id: '3647dcb6787155737a4205dbafe2275c') in 0.021326 seconds 
========================================================================
Received Import Request.
  Time since last request: 0.000031 seconds.
  path: Assets/Resources/Cards/River/FWRW.bmp
  artifactKey: Guid(da87ae1c2a13abf409ec1381ae5fb3f8) Importer(815301076,1909f56bfc062723c751e8b465ee728b)
Start importing Assets/Resources/Cards/River/FWRW.bmp using Guid(da87ae1c2a13abf409ec1381ae5fb3f8) Importer(815301076,1909f56bfc062723c751e8b465ee728b)  -> (artifact id: '1f8b8da61c1cbe1e46f6ff2a2ab672c1') in 0.027548 seconds 
========================================================================
Received Import Request.
  Time since last request: 0.000032 seconds.
  path: Assets/Resources/Cards/FCFC_1.bmp
  artifactKey: Guid(c8aae92d807450d4fac32ca950b2a56d) Importer(815301076,1909f56bfc062723c751e8b465ee728b)
Start importing Assets/Resources/Cards/FCFC_1.bmp using Guid(c8aae92d807450d4fac32ca950b2a56d) Importer(815301076,1909f56bfc062723c751e8b465ee728b)  -> (artifact id: '39196f5bed566dd0b48dbfd93aad9386') in 0.035333 seconds 
========================================================================
Received Import Request.
  Time since last request: 0.000031 seconds.
  path: Assets/Resources/Cards/River/WCCW.prefab
  artifactKey: Guid(30e3f58b36d157f41ba9ef10d337ae2f) Importer(815301076,1909f56bfc062723c751e8b465ee728b)
Start importing Assets/Resources/Cards/River/WCCW.prefab using Guid(30e3f58b36d157f41ba9ef10d337ae2f) Importer(815301076,1909f56bfc062723c751e8b465ee728b)  -> (artifact id: 'cb717211c2e6dbcdc92b7065fd651631') in 0.025149 seconds 
========================================================================
Received Import Request.
  Time since last request: 0.000023 seconds.
  path: Assets/Resources/Cards/CCFC.png
  artifactKey: Guid(6c4fdb85ffb4cb9498c1cb880e8ef060) Importer(815301076,1909f56bfc062723c751e8b465ee728b)
Start importing Assets/Resources/Cards/CCFC.png using Guid(6c4fdb85ffb4cb9498c1cb880e8ef060) Importer(815301076,1909f56bfc062723c751e8b465ee728b)  -> (artifact id: '7f11335022438f6e28a901c7b595bae3') in 0.030509 seconds 
========================================================================
Received Import Request.
  Time since last request: 0.000029 seconds.
  path: Assets/Resources/Cards/River/WFWF.prefab
  artifactKey: Guid(c29426fb9709ddd44a63ab65f268713e) Importer(815301076,1909f56bfc062723c751e8b465ee728b)
Start importing Assets/Resources/Cards/River/WFWF.prefab using Guid(c29426fb9709ddd44a63ab65f268713e) Importer(815301076,1909f56bfc062723c751e8b465ee728b)  -> (artifact id: '99ffdd7dc9371530dc4e2cdf99ebb8d3') in 0.021906 seconds 
========================================================================
Received Import Request.
  Time since last request: 0.000029 seconds.
  path: Assets/Resources/Cards/CRFR.prefab
  artifactKey: Guid(40a8eea5b38a3ad41bf6b33930593840) Importer(815301076,1909f56bfc062723c751e8b465ee728b)
Start importing Assets/Resources/Cards/CRFR.prefab using Guid(40a8eea5b38a3ad41bf6b33930593840) Importer(815301076,1909f56bfc062723c751e8b465ee728b)  -> (artifact id: '71fd3a1f4fecfc6c1cd77cb9c9e63b13') in 0.018956 seconds 
========================================================================
Received Import Request.
  Time since last request: 0.000026 seconds.
  path: Assets/Resources/Cards/River/WCCW.bmp
  artifactKey: Guid(18f16476a621a79478f94c8465982d15) Importer(815301076,1909f56bfc062723c751e8b465ee728b)
Start importing Assets/Resources/Cards/River/WCCW.bmp using Guid(18f16476a621a79478f94c8465982d15) Importer(815301076,1909f56bfc062723c751e8b465ee728b)  -> (artifact id: '1b08c49bfc207568c25769358ff68dfd') in 0.025685 seconds 
========================================================================
Received Import Request.
  Time since last request: 0.000025 seconds.
  path: Assets/Resources/Cards/River/RRWW.prefab
  artifactKey: Guid(4cb999ec13c909444852119464d5ef04) Importer(815301076,1909f56bfc062723c751e8b465ee728b)
Start importing Assets/Resources/Cards/River/RRWW.prefab using Guid(4cb999ec13c909444852119464d5ef04) Importer(815301076,1909f56bfc062723c751e8b465ee728b)  -> (artifact id: 'eee5e5484a9f985268623a17efb0888a') in 0.021677 seconds 
========================================================================
Received Import Request.
  Time since last request: 0.000032 seconds.
  path: Assets/Resources/Cards/CFFC_1.png
  artifactKey: Guid(7f47f53df1d0aec4987da02209a04ac1) Importer(815301076,1909f56bfc062723c751e8b465ee728b)
Start importing Assets/Resources/Cards/CFFC_1.png using Guid(7f47f53df1d0aec4987da02209a04ac1) Importer(815301076,1909f56bfc062723c751e8b465ee728b)  -> (artifact id: 'ee823f2eda9ebccdb7d8b58f6bf7a69a') in 0.023969 seconds 
========================================================================
Received Prepare
Registering precompiled user dll's ...
Registered in 0.004417 seconds.
Begin MonoManager ReloadAssembly
Symbol file LoadedFromMemory doesn't match image C:\Users\fanat\source\repos\unity3dexamples\Carcassone\CarcassoneClient\Library\PackageCache\com.unity.visualscripting@1.7.6\Editor\VisualScripting.Core\Dependencies\YamlDotNet\Unity.VisualScripting.YamlDotNet.dll
Symbol file LoadedFromMemory is not a mono symbol file
Symbol file LoadedFromMemory doesn't match image C:\Users\fanat\source\repos\unity3dexamples\Carcassone\CarcassoneClient\Library\PackageCache\com.unity.visualscripting@1.7.6\Editor\VisualScripting.Core\Dependencies\DotNetZip\Unity.VisualScripting.IonicZip.dll
Symbol file LoadedFromMemory is not a mono symbol file
Native extension for WindowsStandalone target not found
Native extension for Android target not found
Native extension for WebGL target not found
Refreshing native plugins compatible for Editor in 0.76 ms, found 4 plugins.
Preloading 0 native plugins for Editor in 0.00 ms.
Mono: successfully reloaded assembly
- Completed reload, in  1.445 seconds
Domain Reload Profiling:
	ReloadAssembly (1446ms)
		BeginReloadAssembly (224ms)
			ExecutionOrderSort (0ms)
			DisableScriptedObjects (9ms)
			BackupInstance (0ms)
			ReleaseScriptingObjects (0ms)
			CreateAndSetChildDomain (65ms)
		EndReloadAssembly (1089ms)
			LoadAssemblies (230ms)
			RebuildTransferFunctionScriptingTraits (0ms)
			SetupTypeCache (340ms)
			ReleaseScriptCaches (3ms)
			RebuildScriptCaches (70ms)
			SetupLoadedEditorAssemblies (429ms)
				LogAssemblyErrors (0ms)
				InitializePlatformSupportModulesInManaged (21ms)
				SetLoadedEditorAssemblies (1ms)
				RefreshPlugins (1ms)
				BeforeProcessingInitializeOnLoad (96ms)
				ProcessInitializeOnLoadAttributes (261ms)
				ProcessInitializeOnLoadMethodAttributes (45ms)
				AfterProcessingInitializeOnLoad (5ms)
				EditorAssembliesLoaded (0ms)
			ExecutionOrderSort2 (0ms)
			AwakeInstancesAfterBackupRestoration (10ms)
Platform modules already initialized, skipping
Refreshing native plugins compatible for Editor in 3.05 ms, found 4 plugins.
Preloading 0 native plugins for Editor in 0.00 ms.
Unloading 3922 Unused Serialized files (Serialized files now loaded: 0)
Unloading 29 unused Assets / (192.5 KB). Loaded Objects now: 4408.
Memory consumption went from 153.8 MB to 153.6 MB.
Total: 5.000300 ms (FindLiveObjects: 0.558100 ms CreateObjectMapping: 0.610700 ms MarkObjects: 3.511900 ms  DeleteObjects: 0.317900 ms)

AssetImportParameters requested are different than current active one (requested -> active):
  custom:video-decoder-ogg-theora: a1e56fd34408186e4bbccfd4996cb3dc -> 
  custom:container-muxer-webm: aa71ff27fc2769a1b78a27578f13a17b -> 
  custom:container-demuxer-webm: 4f35f7cbe854078d1ac9338744f61a02 -> 
  custom:video-encoder-webm-vp8: eb34c28f22e8b96e1ab97ce403110664 -> 
  custom:audio-encoder-webm-vorbis: bf7c407c2cedff20999df2af8eb42d56 -> 
  custom:framework-win-MediaFoundation: 216162199b28c13a410421893ffa2e32 -> 
  custom:container-demuxer-ogg: 62fdf1f143b41e24485cea50d1cbac27 -> 
  custom:video-decoder-webm-vp8: 9c59270c3fd7afecdb556c50c9e8de78 -> 
  custom:audio-decoder-ogg-vorbis: bf7c407c2cedff20999df2af8eb42d56 -> 
========================================================================
Received Prepare
Registering precompiled user dll's ...
Registered in 0.004892 seconds.
Begin MonoManager ReloadAssembly
Symbol file LoadedFromMemory doesn't match image C:\Users\fanat\source\repos\unity3dexamples\Carcassone\CarcassoneClient\Library\PackageCache\com.unity.visualscripting@1.7.6\Editor\VisualScripting.Core\Dependencies\YamlDotNet\Unity.VisualScripting.YamlDotNet.dll
Symbol file LoadedFromMemory is not a mono symbol file
Symbol file LoadedFromMemory doesn't match image C:\Users\fanat\source\repos\unity3dexamples\Carcassone\CarcassoneClient\Library\PackageCache\com.unity.visualscripting@1.7.6\Editor\VisualScripting.Core\Dependencies\DotNetZip\Unity.VisualScripting.IonicZip.dll
Symbol file LoadedFromMemory is not a mono symbol file
Native extension for WindowsStandalone target not found
Native extension for Android target not found
Native extension for WebGL target not found
Refreshing native plugins compatible for Editor in 0.76 ms, found 4 plugins.
Preloading 0 native plugins for Editor in 0.00 ms.
Mono: successfully reloaded assembly
- Completed reload, in  1.029 seconds
Domain Reload Profiling:
	ReloadAssembly (1030ms)
		BeginReloadAssembly (142ms)
			ExecutionOrderSort (0ms)
			DisableScriptedObjects (8ms)
			BackupInstance (0ms)
			ReleaseScriptingObjects (0ms)
			CreateAndSetChildDomain (39ms)
		EndReloadAssembly (797ms)
			LoadAssemblies (103ms)
			RebuildTransferFunctionScriptingTraits (0ms)
			SetupTypeCache (228ms)
			ReleaseScriptCaches (1ms)
			RebuildScriptCaches (99ms)
			SetupLoadedEditorAssemblies (330ms)
				LogAssemblyErrors (0ms)
				InitializePlatformSupportModulesInManaged (22ms)
				SetLoadedEditorAssemblies (2ms)
				RefreshPlugins (1ms)
				BeforeProcessingInitializeOnLoad (70ms)
				ProcessInitializeOnLoadAttributes (199ms)
				ProcessInitializeOnLoadMethodAttributes (32ms)
				AfterProcessingInitializeOnLoad (5ms)
				EditorAssembliesLoaded (0ms)
			ExecutionOrderSort2 (0ms)
			AwakeInstancesAfterBackupRestoration (7ms)
Platform modules already initialized, skipping
Refreshing native plugins compatible for Editor in 3.01 ms, found 4 plugins.
Preloading 0 native plugins for Editor in 0.00 ms.
Unloading 3922 Unused Serialized files (Serialized files now loaded: 0)
Unloading 29 unused Assets / (192.8 KB). Loaded Objects now: 4411.
Memory consumption went from 153.8 MB to 153.6 MB.
Total: 2.989100 ms (FindLiveObjects: 0.332800 ms CreateObjectMapping: 0.233600 ms MarkObjects: 2.287500 ms  DeleteObjects: 0.134300 ms)

AssetImportParameters requested are different than current active one (requested -> active):
  custom:video-decoder-ogg-theora: a1e56fd34408186e4bbccfd4996cb3dc -> 
  custom:container-muxer-webm: aa71ff27fc2769a1b78a27578f13a17b -> 
  custom:container-demuxer-webm: 4f35f7cbe854078d1ac9338744f61a02 -> 
  custom:video-encoder-webm-vp8: eb34c28f22e8b96e1ab97ce403110664 -> 
  custom:audio-encoder-webm-vorbis: bf7c407c2cedff20999df2af8eb42d56 -> 
  custom:framework-win-MediaFoundation: 216162199b28c13a410421893ffa2e32 -> 
  custom:container-demuxer-ogg: 62fdf1f143b41e24485cea50d1cbac27 -> 
  custom:video-decoder-webm-vp8: 9c59270c3fd7afecdb556c50c9e8de78 -> 
  custom:audio-decoder-ogg-vorbis: bf7c407c2cedff20999df2af8eb42d56 -> 
========================================================================
Received Prepare
Registering precompiled user dll's ...
Registered in 0.006352 seconds.
Begin MonoManager ReloadAssembly
Symbol file LoadedFromMemory doesn't match image C:\Users\fanat\source\repos\unity3dexamples\Carcassone\CarcassoneClient\Library\PackageCache\com.unity.visualscripting@1.7.6\Editor\VisualScripting.Core\Dependencies\YamlDotNet\Unity.VisualScripting.YamlDotNet.dll
Symbol file LoadedFromMemory is not a mono symbol file
Symbol file LoadedFromMemory doesn't match image C:\Users\fanat\source\repos\unity3dexamples\Carcassone\CarcassoneClient\Library\PackageCache\com.unity.visualscripting@1.7.6\Editor\VisualScripting.Core\Dependencies\DotNetZip\Unity.VisualScripting.IonicZip.dll
Symbol file LoadedFromMemory is not a mono symbol file
Native extension for WindowsStandalone target not found
Native extension for Android target not found
Native extension for WebGL target not found
Refreshing native plugins compatible for Editor in 1.54 ms, found 4 plugins.
Preloading 0 native plugins for Editor in 0.00 ms.
Mono: successfully reloaded assembly
- Completed reload, in  1.434 seconds
Domain Reload Profiling:
	ReloadAssembly (1436ms)
		BeginReloadAssembly (354ms)
			ExecutionOrderSort (0ms)
			DisableScriptedObjects (15ms)
			BackupInstance (0ms)
			ReleaseScriptingObjects (0ms)
			CreateAndSetChildDomain (157ms)
		EndReloadAssembly (979ms)
			LoadAssemblies (209ms)
			RebuildTransferFunctionScriptingTraits (0ms)
			SetupTypeCache (279ms)
			ReleaseScriptCaches (2ms)
			RebuildScriptCaches (70ms)
			SetupLoadedEditorAssemblies (401ms)
				LogAssemblyErrors (0ms)
				InitializePlatformSupportModulesInManaged (27ms)
				SetLoadedEditorAssemblies (1ms)
				RefreshPlugins (2ms)
				BeforeProcessingInitializeOnLoad (85ms)
				ProcessInitializeOnLoadAttributes (244ms)
				ProcessInitializeOnLoadMethodAttributes (37ms)
				AfterProcessingInitializeOnLoad (5ms)
				EditorAssembliesLoaded (0ms)
			ExecutionOrderSort2 (0ms)
			AwakeInstancesAfterBackupRestoration (12ms)
Platform modules already initialized, skipping
Refreshing native plugins compatible for Editor in 4.90 ms, found 4 plugins.
Preloading 0 native plugins for Editor in 0.00 ms.
Unloading 3922 Unused Serialized files (Serialized files now loaded: 0)
Unloading 29 unused Assets / (192.4 KB). Loaded Objects now: 4414.
Memory consumption went from 153.8 MB to 153.6 MB.
Total: 3.700700 ms (FindLiveObjects: 0.486900 ms CreateObjectMapping: 0.263600 ms MarkObjects: 2.770100 ms  DeleteObjects: 0.179300 ms)

AssetImportParameters requested are different than current active one (requested -> active):
  custom:video-decoder-ogg-theora: a1e56fd34408186e4bbccfd4996cb3dc -> 
  custom:container-muxer-webm: aa71ff27fc2769a1b78a27578f13a17b -> 
  custom:container-demuxer-webm: 4f35f7cbe854078d1ac9338744f61a02 -> 
  custom:video-encoder-webm-vp8: eb34c28f22e8b96e1ab97ce403110664 -> 
  custom:audio-encoder-webm-vorbis: bf7c407c2cedff20999df2af8eb42d56 -> 
  custom:framework-win-MediaFoundation: 216162199b28c13a410421893ffa2e32 -> 
  custom:container-demuxer-ogg: 62fdf1f143b41e24485cea50d1cbac27 -> 
  custom:video-decoder-webm-vp8: 9c59270c3fd7afecdb556c50c9e8de78 -> 
  custom:audio-decoder-ogg-vorbis: bf7c407c2cedff20999df2af8eb42d56 -> 
========================================================================
Received Prepare
Registering precompiled user dll's ...
Registered in 0.004551 seconds.
Begin MonoManager ReloadAssembly
Symbol file LoadedFromMemory doesn't match image C:\Users\fanat\source\repos\unity3dexamples\Carcassone\CarcassoneClient\Library\PackageCache\com.unity.visualscripting@1.7.6\Editor\VisualScripting.Core\Dependencies\YamlDotNet\Unity.VisualScripting.YamlDotNet.dll
Symbol file LoadedFromMemory is not a mono symbol file
Symbol file LoadedFromMemory doesn't match image C:\Users\fanat\source\repos\unity3dexamples\Carcassone\CarcassoneClient\Library\PackageCache\com.unity.visualscripting@1.7.6\Editor\VisualScripting.Core\Dependencies\DotNetZip\Unity.VisualScripting.IonicZip.dll
Symbol file LoadedFromMemory is not a mono symbol file
Native extension for WindowsStandalone target not found
Native extension for Android target not found
Native extension for WebGL target not found
Refreshing native plugins compatible for Editor in 1.21 ms, found 4 plugins.
Preloading 0 native plugins for Editor in 0.00 ms.
Mono: successfully reloaded assembly
- Completed reload, in  1.400 seconds
Domain Reload Profiling:
	ReloadAssembly (1402ms)
		BeginReloadAssembly (203ms)
			ExecutionOrderSort (0ms)
			DisableScriptedObjects (10ms)
			BackupInstance (0ms)
			ReleaseScriptingObjects (0ms)
			CreateAndSetChildDomain (70ms)
		EndReloadAssembly (1078ms)
			LoadAssemblies (145ms)
			RebuildTransferFunctionScriptingTraits (0ms)
			SetupTypeCache (354ms)
			ReleaseScriptCaches (3ms)
			RebuildScriptCaches (73ms)
			SetupLoadedEditorAssemblies (441ms)
				LogAssemblyErrors (0ms)
				InitializePlatformSupportModulesInManaged (29ms)
				SetLoadedEditorAssemblies (1ms)
				RefreshPlugins (1ms)
				BeforeProcessingInitializeOnLoad (92ms)
				ProcessInitializeOnLoadAttributes (268ms)
				ProcessInitializeOnLoadMethodAttributes (46ms)
				AfterProcessingInitializeOnLoad (4ms)
				EditorAssembliesLoaded (0ms)
			ExecutionOrderSort2 (0ms)
			AwakeInstancesAfterBackupRestoration (10ms)
Platform modules already initialized, skipping
Refreshing native plugins compatible for Editor in 2.39 ms, found 4 plugins.
Preloading 0 native plugins for Editor in 0.00 ms.
Unloading 3922 Unused Serialized files (Serialized files now loaded: 0)
Unloading 29 unused Assets / (192.7 KB). Loaded Objects now: 4417.
Memory consumption went from 153.8 MB to 153.6 MB.
Total: 5.619700 ms (FindLiveObjects: 0.776500 ms CreateObjectMapping: 0.569000 ms MarkObjects: 3.913600 ms  DeleteObjects: 0.359100 ms)

AssetImportParameters requested are different than current active one (requested -> active):
  custom:video-decoder-ogg-theora: a1e56fd34408186e4bbccfd4996cb3dc -> 
  custom:container-muxer-webm: aa71ff27fc2769a1b78a27578f13a17b -> 
  custom:container-demuxer-webm: 4f35f7cbe854078d1ac9338744f61a02 -> 
  custom:video-encoder-webm-vp8: eb34c28f22e8b96e1ab97ce403110664 -> 
  custom:audio-encoder-webm-vorbis: bf7c407c2cedff20999df2af8eb42d56 -> 
  custom:framework-win-MediaFoundation: 216162199b28c13a410421893ffa2e32 -> 
  custom:container-demuxer-ogg: 62fdf1f143b41e24485cea50d1cbac27 -> 
  custom:video-decoder-webm-vp8: 9c59270c3fd7afecdb556c50c9e8de78 -> 
  custom:audio-decoder-ogg-vorbis: bf7c407c2cedff20999df2af8eb42d56 -> 
