Using pre-set license
Built from '2021.3/staging' branch; Version is '2021.3.1f1 (3b70a0754835) revision 3895456'; Using compiler version '192829333'; Build Type 'Release'
OS: 'Windows 11  (10.0.22000) 64bit Core' Language: 'en' Physical Memory: 8023 MB
BatchMode: 1, IsHumanControllingUs: 0, StartBugReporterOnCrash: 0, Is64bit: 1, IsPro: 1

COMMAND LINE ARGUMENTS:
C:\Program Files\Unity\Hub\Editor\2021.3.1f1\Editor\Unity.exe
-adb2
-batchMode
-noUpm
-name
AssetImportWorker0
-projectPath
C:/Users/fanat/source/repos/unity3dexamples/Carcassone/CarcassoneClient
-logFile
Logs/AssetImportWorker0.log
-srvPort
56744
Successfully changed project path to: C:/Users/fanat/source/repos/unity3dexamples/Carcassone/CarcassoneClient
C:/Users/fanat/source/repos/unity3dexamples/Carcassone/CarcassoneClient
[UnityMemory] Configuration Parameters - Can be set up in boot.config
    "memorysetup-bucket-allocator-granularity=16"
    "memorysetup-bucket-allocator-bucket-count=8"
    "memorysetup-bucket-allocator-block-size=33554432"
    "memorysetup-bucket-allocator-block-count=8"
    "memorysetup-main-allocator-block-size=16777216"
    "memorysetup-thread-allocator-block-size=16777216"
    "memorysetup-gfx-main-allocator-block-size=16777216"
    "memorysetup-gfx-thread-allocator-block-size=16777216"
    "memorysetup-cache-allocator-block-size=4194304"
    "memorysetup-typetree-allocator-block-size=2097152"
    "memorysetup-profiler-bucket-allocator-granularity=16"
    "memorysetup-profiler-bucket-allocator-bucket-count=8"
    "memorysetup-profiler-bucket-allocator-block-size=33554432"
    "memorysetup-profiler-bucket-allocator-block-count=8"
    "memorysetup-profiler-allocator-block-size=16777216"
    "memorysetup-profiler-editor-allocator-block-size=1048576"
    "memorysetup-temp-allocator-size-main=16777216"
    "memorysetup-job-temp-allocator-block-size=2097152"
    "memorysetup-job-temp-allocator-block-size-background=1048576"
    "memorysetup-job-temp-allocator-reduction-small-platforms=262144"
    "memorysetup-temp-allocator-size-background-worker=32768"
    "memorysetup-temp-allocator-size-job-worker=262144"
    "memorysetup-temp-allocator-size-preload-manager=33554432"
    "memorysetup-temp-allocator-size-nav-mesh-worker=65536"
    "memorysetup-temp-allocator-size-audio-worker=65536"
    "memorysetup-temp-allocator-size-cloud-worker=32768"
    "memorysetup-temp-allocator-size-gi-baking-worker=262144"
    "memorysetup-temp-allocator-size-gfx=262144"
Refreshing native plugins compatible for Editor in 89.42 ms, found 4 plugins.
Preloading 0 native plugins for Editor in 0.00 ms.
Initialize engine version: 2021.3.1f1 (3b70a0754835)
[Subsystems] Discovering subsystems at path C:/Program Files/Unity/Hub/Editor/2021.3.1f1/Editor/Data/Resources/UnitySubsystems
[Subsystems] Discovering subsystems at path C:/Users/fanat/source/repos/unity3dexamples/Carcassone/CarcassoneClient/Assets
GfxDevice: creating device client; threaded=0; jobified=0
Direct3D:
    Version:  Direct3D 11.0 [level 11.1]
    Renderer: NVIDIA GeForce GTX 1650 (ID=0x1f99)
    Vendor:   NVIDIA
    VRAM:     3962 MB
    Driver:   27.21.14.5167
Initialize mono
Mono path[0] = 'C:/Program Files/Unity/Hub/Editor/2021.3.1f1/Editor/Data/Managed'
Mono path[1] = 'C:/Program Files/Unity/Hub/Editor/2021.3.1f1/Editor/Data/MonoBleedingEdge/lib/mono/unityjit-win32'
Mono config path = 'C:/Program Files/Unity/Hub/Editor/2021.3.1f1/Editor/Data/MonoBleedingEdge/etc'
Using monoOptions --debugger-agent=transport=dt_socket,embedding=1,server=y,suspend=n,address=127.0.0.1:56852
Begin MonoManager ReloadAssembly
Registering precompiled unity dll's ...
Register platform support module: C:/Program Files/Unity/Hub/Editor/2021.3.1f1/Editor/Data/PlaybackEngines/WebGLSupport/UnityEditor.WebGL.Extensions.dll
Register platform support module: C:/Program Files/Unity/Hub/Editor/2021.3.1f1/Editor/Data/PlaybackEngines/AndroidPlayer/UnityEditor.Android.Extensions.dll
Register platform support module: C:/Program Files/Unity/Hub/Editor/2021.3.1f1/Editor/Data/PlaybackEngines/WindowsStandaloneSupport/UnityEditor.WindowsStandalone.Extensions.dll
Registered in 0.004014 seconds.
Native extension for WindowsStandalone target not found
Native extension for Android target not found
Native extension for WebGL target not found
Refreshing native plugins compatible for Editor in 84.01 ms, found 4 plugins.
Preloading 0 native plugins for Editor in 0.00 ms.
Mono: successfully reloaded assembly
- Completed reload, in  1.111 seconds
Domain Reload Profiling:
	ReloadAssembly (1111ms)
		BeginReloadAssembly (135ms)
			ExecutionOrderSort (0ms)
			DisableScriptedObjects (0ms)
			BackupInstance (0ms)
			ReleaseScriptingObjects (0ms)
			CreateAndSetChildDomain (1ms)
		EndReloadAssembly (737ms)
			LoadAssemblies (134ms)
			RebuildTransferFunctionScriptingTraits (0ms)
			SetupTypeCache (374ms)
			ReleaseScriptCaches (0ms)
			RebuildScriptCaches (28ms)
			SetupLoadedEditorAssemblies (287ms)
				LogAssemblyErrors (0ms)
				InitializePlatformSupportModulesInManaged (54ms)
				SetLoadedEditorAssemblies (0ms)
				RefreshPlugins (84ms)
				BeforeProcessingInitializeOnLoad (1ms)
				ProcessInitializeOnLoadAttributes (103ms)
				ProcessInitializeOnLoadMethodAttributes (44ms)
				AfterProcessingInitializeOnLoad (0ms)
				EditorAssembliesLoaded (0ms)
			ExecutionOrderSort2 (0ms)
			AwakeInstancesAfterBackupRestoration (0ms)
Platform modules already initialized, skipping
Registering precompiled user dll's ...
Registered in 0.004718 seconds.
Android Extension - Scanning For ADB Devices 5631 ms
Begin MonoManager ReloadAssembly
Symbol file LoadedFromMemory doesn't match image C:\Users\fanat\source\repos\unity3dexamples\Carcassone\CarcassoneClient\Library\PackageCache\com.unity.visualscripting@1.7.6\Editor\VisualScripting.Core\Dependencies\YamlDotNet\Unity.VisualScripting.YamlDotNet.dll
Symbol file LoadedFromMemory is not a mono symbol file
Symbol file LoadedFromMemory doesn't match image C:\Users\fanat\source\repos\unity3dexamples\Carcassone\CarcassoneClient\Library\PackageCache\com.unity.visualscripting@1.7.6\Editor\VisualScripting.Core\Dependencies\DotNetZip\Unity.VisualScripting.IonicZip.dll
Symbol file LoadedFromMemory is not a mono symbol file
Native extension for WindowsStandalone target not found
Native extension for Android target not found
Native extension for WebGL target not found
Refreshing native plugins compatible for Editor in 82.25 ms, found 4 plugins.
Preloading 0 native plugins for Editor in 0.00 ms.
Mono: successfully reloaded assembly
- Completed reload, in  1.626 seconds
Domain Reload Profiling:
	ReloadAssembly (1628ms)
		BeginReloadAssembly (115ms)
			ExecutionOrderSort (0ms)
			DisableScriptedObjects (5ms)
			BackupInstance (0ms)
			ReleaseScriptingObjects (0ms)
			CreateAndSetChildDomain (22ms)
		EndReloadAssembly (1394ms)
			LoadAssemblies (183ms)
			RebuildTransferFunctionScriptingTraits (0ms)
			SetupTypeCache (542ms)
			ReleaseScriptCaches (1ms)
			RebuildScriptCaches (69ms)
			SetupLoadedEditorAssemblies (544ms)
				LogAssemblyErrors (0ms)
				InitializePlatformSupportModulesInManaged (15ms)
				SetLoadedEditorAssemblies (0ms)
				RefreshPlugins (82ms)
				BeforeProcessingInitializeOnLoad (87ms)
				ProcessInitializeOnLoadAttributes (301ms)
				ProcessInitializeOnLoadMethodAttributes (52ms)
				AfterProcessingInitializeOnLoad (5ms)
				EditorAssembliesLoaded (0ms)
			ExecutionOrderSort2 (0ms)
			AwakeInstancesAfterBackupRestoration (6ms)
Platform modules already initialized, skipping
========================================================================
Worker process is ready to serve import requests
Launched and connected shader compiler UnityShaderCompiler.exe after 0.11 seconds
Refreshing native plugins compatible for Editor in 0.89 ms, found 4 plugins.
Preloading 0 native plugins for Editor in 0.00 ms.
Unloading 3940 Unused Serialized files (Serialized files now loaded: 0)
Unloading 42 unused Assets / (225.5 KB). Loaded Objects now: 4395.
Memory consumption went from 150.3 MB to 150.0 MB.
Total: 5.784300 ms (FindLiveObjects: 0.479700 ms CreateObjectMapping: 0.494000 ms MarkObjects: 4.598300 ms  DeleteObjects: 0.210700 ms)

AssetImportParameters requested are different than current active one (requested -> active):
  custom:video-decoder-ogg-theora: a1e56fd34408186e4bbccfd4996cb3dc -> 
  custom:container-muxer-webm: aa71ff27fc2769a1b78a27578f13a17b -> 
  custom:container-demuxer-webm: 4f35f7cbe854078d1ac9338744f61a02 -> 
  custom:video-encoder-webm-vp8: eb34c28f22e8b96e1ab97ce403110664 -> 
  custom:audio-encoder-webm-vorbis: bf7c407c2cedff20999df2af8eb42d56 -> 
  custom:framework-win-MediaFoundation: 216162199b28c13a410421893ffa2e32 -> 
  custom:container-demuxer-ogg: 62fdf1f143b41e24485cea50d1cbac27 -> 
  custom:video-decoder-webm-vp8: 9c59270c3fd7afecdb556c50c9e8de78 -> 
  custom:audio-decoder-ogg-vorbis: bf7c407c2cedff20999df2af8eb42d56 -> 
========================================================================
Received Import Request.
  Time since last request: 1409660.729279 seconds.
  path: Assets/Resources/Cards/RRRR.png
  artifactKey: Guid(c242a8bb65fdc434c8116f8d8d474ff9) Importer(815301076,1909f56bfc062723c751e8b465ee728b)
Start importing Assets/Resources/Cards/RRRR.png using Guid(c242a8bb65fdc434c8116f8d8d474ff9) Importer(815301076,1909f56bfc062723c751e8b465ee728b)  -> (artifact id: 'b4181984750a37e6eccd30cb34e38943') in 0.146486 seconds 
========================================================================
Received Import Request.
  Time since last request: 0.000021 seconds.
  path: Assets/Resources/Cards/CCCC.png
  artifactKey: Guid(d4a3d4173a4dfb34281abb739899822a) Importer(815301076,1909f56bfc062723c751e8b465ee728b)
Start importing Assets/Resources/Cards/CCCC.png using Guid(d4a3d4173a4dfb34281abb739899822a) Importer(815301076,1909f56bfc062723c751e8b465ee728b)  -> (artifact id: '0083f9e1e2a5240c1ba2b1839df86799') in 0.026913 seconds 
========================================================================
Received Import Request.
  Time since last request: 0.000034 seconds.
  path: Assets/Resources/Cards/CCFF.bmp
  artifactKey: Guid(78e813cadc4b94b42a8cb37430c0fa49) Importer(815301076,1909f56bfc062723c751e8b465ee728b)
Start importing Assets/Resources/Cards/CCFF.bmp using Guid(78e813cadc4b94b42a8cb37430c0fa49) Importer(815301076,1909f56bfc062723c751e8b465ee728b)  -> (artifact id: '7135bdeefea2ee67c76b4370a7eb86d8') in 0.026185 seconds 
========================================================================
Received Import Request.
  Time since last request: 0.000057 seconds.
  path: Assets/Resources/Cards/FFRR_1.bmp
  artifactKey: Guid(0bcdc30f4593a5c45af2488d726faff7) Importer(815301076,1909f56bfc062723c751e8b465ee728b)
Start importing Assets/Resources/Cards/FFRR_1.bmp using Guid(0bcdc30f4593a5c45af2488d726faff7) Importer(815301076,1909f56bfc062723c751e8b465ee728b)  -> (artifact id: 'ab78eeac2073dfb6de4f251495ab0101') in 0.048242 seconds 
========================================================================
Received Import Request.
  Time since last request: 0.000045 seconds.
  path: Assets/Resources/Cards/FCFC_2.prefab
  artifactKey: Guid(dfafb51ea5bcb3845933e887db18974e) Importer(815301076,1909f56bfc062723c751e8b465ee728b)
Start importing Assets/Resources/Cards/FCFC_2.prefab using Guid(dfafb51ea5bcb3845933e887db18974e) Importer(815301076,1909f56bfc062723c751e8b465ee728b)  -> (artifact id: '6aef30f3166b8bbd58b43447c04cff9e') in 0.158078 seconds 
========================================================================
Received Import Request.
  Time since last request: 0.000030 seconds.
  path: Assets/Resources/Cards/FFRR.png
  artifactKey: Guid(d20a6a806205e4643ac7d03e44310e29) Importer(815301076,1909f56bfc062723c751e8b465ee728b)
Start importing Assets/Resources/Cards/FFRR.png using Guid(d20a6a806205e4643ac7d03e44310e29) Importer(815301076,1909f56bfc062723c751e8b465ee728b)  -> (artifact id: '0896860d3bd782bafe2e847be38b83b3') in 0.028344 seconds 
========================================================================
Received Import Request.
  Time since last request: 0.000031 seconds.
  path: Assets/Resources/Cards/FFFF.png
  artifactKey: Guid(ef7b4f6e866cdeb43a4730238793fe34) Importer(815301076,1909f56bfc062723c751e8b465ee728b)
Start importing Assets/Resources/Cards/FFFF.png using Guid(ef7b4f6e866cdeb43a4730238793fe34) Importer(815301076,1909f56bfc062723c751e8b465ee728b)  -> (artifact id: '85e895d6b140fbbade8d1422b5508508') in 0.032654 seconds 
========================================================================
Received Import Request.
  Time since last request: 0.000037 seconds.
  path: Assets/Resources/Cards/River/CWCW.prefab
  artifactKey: Guid(c6832d0c514a1fb428fd239a502371c0) Importer(815301076,1909f56bfc062723c751e8b465ee728b)
Start importing Assets/Resources/Cards/River/CWCW.prefab using Guid(c6832d0c514a1fb428fd239a502371c0) Importer(815301076,1909f56bfc062723c751e8b465ee728b)  -> (artifact id: 'a0fe92f26b1b8f1f4d8728c86b23cbdc') in 0.027549 seconds 
========================================================================
Received Import Request.
  Time since last request: 0.000035 seconds.
  path: Assets/Resources/Cards/River/RRWW.bmp
  artifactKey: Guid(cb4e262b7b99ac640bee07665e612786) Importer(815301076,1909f56bfc062723c751e8b465ee728b)
Start importing Assets/Resources/Cards/River/RRWW.bmp using Guid(cb4e262b7b99ac640bee07665e612786) Importer(815301076,1909f56bfc062723c751e8b465ee728b)  -> (artifact id: '2ec2a2f8e866d8abb104a8084f4f9dc0') in 0.029622 seconds 
========================================================================
Received Import Request.
  Time since last request: 0.000023 seconds.
  path: Assets/Resources/Cards/CCRC_1.png
  artifactKey: Guid(e75eee23d4e96654c845ff84da15c345) Importer(815301076,1909f56bfc062723c751e8b465ee728b)
Start importing Assets/Resources/Cards/CCRC_1.png using Guid(e75eee23d4e96654c845ff84da15c345) Importer(815301076,1909f56bfc062723c751e8b465ee728b)  -> (artifact id: 'a9fc6fad7711649064d309ac212c552c') in 0.031181 seconds 
========================================================================
Received Import Request.
  Time since last request: 0.000021 seconds.
  path: Assets/Resources/Cards/CCRC_1.prefab
  artifactKey: Guid(a712d63cfa09f70409720f3e08d695fa) Importer(815301076,1909f56bfc062723c751e8b465ee728b)
Start importing Assets/Resources/Cards/CCRC_1.prefab using Guid(a712d63cfa09f70409720f3e08d695fa) Importer(815301076,1909f56bfc062723c751e8b465ee728b)  -> (artifact id: '218768920b81b807baa681ede5400a29') in 0.021706 seconds 
========================================================================
Received Import Request.
  Time since last request: 0.000032 seconds.
  path: Assets/Resources/Cards/CFRR.prefab
  artifactKey: Guid(826fbb4346868fb47b8caf032ec44e41) Importer(815301076,1909f56bfc062723c751e8b465ee728b)
Start importing Assets/Resources/Cards/CFRR.prefab using Guid(826fbb4346868fb47b8caf032ec44e41) Importer(815301076,1909f56bfc062723c751e8b465ee728b)  -> (artifact id: 'bb1ef290578f6c9a7a0eb910077f79c0') in 0.028935 seconds 
========================================================================
Received Import Request.
  Time since last request: 0.000034 seconds.
  path: Assets/Resources/Cards/FRRR.png
  artifactKey: Guid(36ffb2b3c044ad449b0338e735ea00a2) Importer(815301076,1909f56bfc062723c751e8b465ee728b)
Start importing Assets/Resources/Cards/FRRR.png using Guid(36ffb2b3c044ad449b0338e735ea00a2) Importer(815301076,1909f56bfc062723c751e8b465ee728b)  -> (artifact id: 'b74eb2aa9d10436131ebcd645dfe9c37') in 0.034581 seconds 
========================================================================
Received Import Request.
  Time since last request: 0.000029 seconds.
  path: Assets/Resources/Cards/FFRF.prefab
  artifactKey: Guid(8e3043b10aad40145a53ebdfcdac9ed8) Importer(815301076,1909f56bfc062723c751e8b465ee728b)
Start importing Assets/Resources/Cards/FFRF.prefab using Guid(8e3043b10aad40145a53ebdfcdac9ed8) Importer(815301076,1909f56bfc062723c751e8b465ee728b)  -> (artifact id: '98a4bb66ad0461be7ff2d5d09f5aa0c7') in 0.024603 seconds 
========================================================================
Received Import Request.
  Time since last request: 0.000024 seconds.
  path: Assets/Resources/Cards/CCFC_1.bmp
  artifactKey: Guid(fb91a40471bed5d41a7a5e85a1ebfd0d) Importer(815301076,1909f56bfc062723c751e8b465ee728b)
Start importing Assets/Resources/Cards/CCFC_1.bmp using Guid(fb91a40471bed5d41a7a5e85a1ebfd0d) Importer(815301076,1909f56bfc062723c751e8b465ee728b)  -> (artifact id: '169ed5df18c2eb99932ca05fdfcd1194') in 0.029561 seconds 
========================================================================
Received Import Request.
  Time since last request: 0.000031 seconds.
  path: Assets/Resources/Cards/CFFC_1.prefab
  artifactKey: Guid(71c2b940ccd0b084fb05f1dadb7268b6) Importer(815301076,1909f56bfc062723c751e8b465ee728b)
Start importing Assets/Resources/Cards/CFFC_1.prefab using Guid(71c2b940ccd0b084fb05f1dadb7268b6) Importer(815301076,1909f56bfc062723c751e8b465ee728b)  -> (artifact id: 'a890cdd258513b82b5c1897ef14518b9') in 0.032210 seconds 
========================================================================
Received Import Request.
  Time since last request: 0.000041 seconds.
  path: Assets/Resources/Cards/FFRR_1.prefab
  artifactKey: Guid(d8d04991f8336ca40bad5f354dcc12bc) Importer(815301076,1909f56bfc062723c751e8b465ee728b)
Start importing Assets/Resources/Cards/FFRR_1.prefab using Guid(d8d04991f8336ca40bad5f354dcc12bc) Importer(815301076,1909f56bfc062723c751e8b465ee728b)  -> (artifact id: 'f48e8eb0a38fe810300652ac41f9f2d0') in 0.023904 seconds 
========================================================================
Received Import Request.
  Time since last request: 0.000032 seconds.
  path: Assets/Resources/Cards/CFRR.png
  artifactKey: Guid(f3557c5dc2858d146a2314093da7f9d2) Importer(815301076,1909f56bfc062723c751e8b465ee728b)
Start importing Assets/Resources/Cards/CFRR.png using Guid(f3557c5dc2858d146a2314093da7f9d2) Importer(815301076,1909f56bfc062723c751e8b465ee728b)  -> (artifact id: '88d0856646174f6a30bf579619027202') in 0.022165 seconds 
========================================================================
Received Import Request.
  Time since last request: 0.000027 seconds.
  path: Assets/Resources/Cards/River/FFWF.prefab
  artifactKey: Guid(ac44cf7a9428bbf4e938c93e40874482) Importer(815301076,1909f56bfc062723c751e8b465ee728b)
Start importing Assets/Resources/Cards/River/FFWF.prefab using Guid(ac44cf7a9428bbf4e938c93e40874482) Importer(815301076,1909f56bfc062723c751e8b465ee728b)  -> (artifact id: 'a2e399de3a6d54ecce6ed7916b283ab5') in 0.022286 seconds 
========================================================================
Received Import Request.
  Time since last request: 0.000043 seconds.
  path: Assets/Resources/Cards/River/RWRW.bmp
  artifactKey: Guid(ec444c3886c5e4c49b79f504e74fe3b8) Importer(815301076,1909f56bfc062723c751e8b465ee728b)
Start importing Assets/Resources/Cards/River/RWRW.bmp using Guid(ec444c3886c5e4c49b79f504e74fe3b8) Importer(815301076,1909f56bfc062723c751e8b465ee728b)  -> (artifact id: '6d7fd3071282cab0d3cfe23368d5e3cb') in 0.023025 seconds 
========================================================================
Received Import Request.
  Time since last request: 0.000158 seconds.
  path: Assets/Resources/Cards/CCCC.prefab
  artifactKey: Guid(46b9cf31a19facb40affae63281f75fb) Importer(815301076,1909f56bfc062723c751e8b465ee728b)
Start importing Assets/Resources/Cards/CCCC.prefab using Guid(46b9cf31a19facb40affae63281f75fb) Importer(815301076,1909f56bfc062723c751e8b465ee728b)  -> (artifact id: 'ba6b67fbbde1a2d1f532254f3f224aa3') in 0.022076 seconds 
========================================================================
Received Import Request.
  Time since last request: 0.000019 seconds.
  path: Assets/Resources/Cards/River/FFWF.bmp
  artifactKey: Guid(fcf10888ea0026d4e8c8f24588525d93) Importer(815301076,1909f56bfc062723c751e8b465ee728b)
Start importing Assets/Resources/Cards/River/FFWF.bmp using Guid(fcf10888ea0026d4e8c8f24588525d93) Importer(815301076,1909f56bfc062723c751e8b465ee728b)  -> (artifact id: '99dd86aa1d304684e65bb51ec808cc0e') in 0.030024 seconds 
========================================================================
Received Import Request.
  Time since last request: 0.000031 seconds.
  path: Assets/Resources/Cards/CCFC.prefab
  artifactKey: Guid(e9432006cdc7e844b9d8f182e3ec804f) Importer(815301076,1909f56bfc062723c751e8b465ee728b)
Start importing Assets/Resources/Cards/CCFC.prefab using Guid(e9432006cdc7e844b9d8f182e3ec804f) Importer(815301076,1909f56bfc062723c751e8b465ee728b)  -> (artifact id: 'fbe4b8c4197c74add806a1d36e6634c8') in 0.037796 seconds 
========================================================================
Received Import Request.
  Time since last request: 0.000035 seconds.
  path: Assets/Resources/Cards/River/WFWF.bmp
  artifactKey: Guid(e650f000f15ad3a4f80a384b79b67e89) Importer(815301076,1909f56bfc062723c751e8b465ee728b)
Start importing Assets/Resources/Cards/River/WFWF.bmp using Guid(e650f000f15ad3a4f80a384b79b67e89) Importer(815301076,1909f56bfc062723c751e8b465ee728b)  -> (artifact id: 'd4ccdbaf30d9568dcc2334bafd54a8b3') in 0.030912 seconds 
========================================================================
Received Import Request.
  Time since last request: 0.000037 seconds.
  path: Assets/Resources/Cards/FFFF.prefab
  artifactKey: Guid(8192e06086486724690c0393f6dea3d5) Importer(815301076,1909f56bfc062723c751e8b465ee728b)
Start importing Assets/Resources/Cards/FFFF.prefab using Guid(8192e06086486724690c0393f6dea3d5) Importer(815301076,1909f56bfc062723c751e8b465ee728b)  -> (artifact id: '5db68f11518cc88aaf3cc7992499e2b1') in 0.027736 seconds 
========================================================================
Received Import Request.
  Time since last request: 0.000056 seconds.
  path: Assets/Resources/Cards/FCFC.prefab
  artifactKey: Guid(fdada2d9302394c418a92b595bec5ace) Importer(815301076,1909f56bfc062723c751e8b465ee728b)
Start importing Assets/Resources/Cards/FCFC.prefab using Guid(fdada2d9302394c418a92b595bec5ace) Importer(815301076,1909f56bfc062723c751e8b465ee728b)  -> (artifact id: 'b12869563a7fc17b9a3d0895d00acab4') in 0.025392 seconds 
========================================================================
Received Import Request.
  Time since last request: 0.000032 seconds.
  path: Assets/Resources/Cards/CRRR.prefab
  artifactKey: Guid(94914604ea5d9774b8ef76602ad2a8ca) Importer(815301076,1909f56bfc062723c751e8b465ee728b)
Start importing Assets/Resources/Cards/CRRR.prefab using Guid(94914604ea5d9774b8ef76602ad2a8ca) Importer(815301076,1909f56bfc062723c751e8b465ee728b)  -> (artifact id: '508bcb44206b2f4fd8ad0d02c0ad912e') in 0.022331 seconds 
========================================================================
Received Import Request.
  Time since last request: 0.000022 seconds.
  path: Assets/Resources/Cards/River/WFFF.prefab
  artifactKey: Guid(6ea0b310dd4f3e14bba74da8af5937cd) Importer(815301076,1909f56bfc062723c751e8b465ee728b)
Start importing Assets/Resources/Cards/River/WFFF.prefab using Guid(6ea0b310dd4f3e14bba74da8af5937cd) Importer(815301076,1909f56bfc062723c751e8b465ee728b)  -> (artifact id: 'dd07827b0249df2c4fa73aca90e2c29b') in 0.021263 seconds 
========================================================================
Received Import Request.
  Time since last request: 0.000031 seconds.
  path: Assets/Resources/Cards/River/WFWF_1.prefab
  artifactKey: Guid(c152510b5beeaa5409d27ad6f236669f) Importer(815301076,1909f56bfc062723c751e8b465ee728b)
Start importing Assets/Resources/Cards/River/WFWF_1.prefab using Guid(c152510b5beeaa5409d27ad6f236669f) Importer(815301076,1909f56bfc062723c751e8b465ee728b)  -> (artifact id: '283609726e3a4c3cbc5f3edd5b149247') in 0.022188 seconds 
========================================================================
Received Import Request.
  Time since last request: 0.000039 seconds.
  path: Assets/Resources/Cards/CFFF.png
  artifactKey: Guid(8e7ba4ac75d80e544997a5ba6c76827f) Importer(815301076,1909f56bfc062723c751e8b465ee728b)
Start importing Assets/Resources/Cards/CFFF.png using Guid(8e7ba4ac75d80e544997a5ba6c76827f) Importer(815301076,1909f56bfc062723c751e8b465ee728b)  -> (artifact id: 'a690d0f1b74e0782c99081da537f4d10') in 0.023232 seconds 
========================================================================
Received Import Request.
  Time since last request: 0.000030 seconds.
  path: Assets/Resources/Cards/River/WCWR.prefab
  artifactKey: Guid(1fd016ea152f69048a3b9b64d30e334c) Importer(815301076,1909f56bfc062723c751e8b465ee728b)
Start importing Assets/Resources/Cards/River/WCWR.prefab using Guid(1fd016ea152f69048a3b9b64d30e334c) Importer(815301076,1909f56bfc062723c751e8b465ee728b)  -> (artifact id: '147aa033b0d63509ad6ae4ea4e2e0968') in 0.018328 seconds 
========================================================================
Received Import Request.
  Time since last request: 0.000020 seconds.
  path: Assets/Resources/Cards/River/FWRW.prefab
  artifactKey: Guid(7739162bed7593141b7d175b89d88d46) Importer(815301076,1909f56bfc062723c751e8b465ee728b)
Start importing Assets/Resources/Cards/River/FWRW.prefab using Guid(7739162bed7593141b7d175b89d88d46) Importer(815301076,1909f56bfc062723c751e8b465ee728b)  -> (artifact id: 'eefbc60a3114ea6d3851e2ba14e2c046') in 0.023109 seconds 
========================================================================
Received Import Request.
  Time since last request: 0.000034 seconds.
  path: Assets/Resources/Cards/CRFR.png
  artifactKey: Guid(d4a1cea070b1e94449b912f10c64db56) Importer(815301076,1909f56bfc062723c751e8b465ee728b)
Start importing Assets/Resources/Cards/CRFR.png using Guid(d4a1cea070b1e94449b912f10c64db56) Importer(815301076,1909f56bfc062723c751e8b465ee728b)  -> (artifact id: '1edd00274da5b24b4b0b73cab75eee63') in 0.034747 seconds 
========================================================================
Received Import Request.
  Time since last request: 0.000154 seconds.
  path: Assets/Resources/Cards/FRRR.prefab
  artifactKey: Guid(f199e8db2266ec344990ff740191fcc6) Importer(815301076,1909f56bfc062723c751e8b465ee728b)
Start importing Assets/Resources/Cards/FRRR.prefab using Guid(f199e8db2266ec344990ff740191fcc6) Importer(815301076,1909f56bfc062723c751e8b465ee728b)  -> (artifact id: 'da1de40175f7155e8a545ff0b2cd5700') in 0.020191 seconds 
========================================================================
Received Import Request.
  Time since last request: 0.000033 seconds.
  path: Assets/Resources/Cards/tile_shadow.bmp
  artifactKey: Guid(eca8748a2fee95d47af7827cff3692f1) Importer(815301076,1909f56bfc062723c751e8b465ee728b)
Start importing Assets/Resources/Cards/tile_shadow.bmp using Guid(eca8748a2fee95d47af7827cff3692f1) Importer(815301076,1909f56bfc062723c751e8b465ee728b)  -> (artifact id: 'ce4149ec573e30b7e5de5cefe0b50cc2') in 0.031697 seconds 
========================================================================
Received Import Request.
  Time since last request: 0.000051 seconds.
  path: Assets/Resources/Cards/River
  artifactKey: Guid(f96cece3ca23a4b4c9639614998a1a9e) Importer(815301076,1909f56bfc062723c751e8b465ee728b)
Start importing Assets/Resources/Cards/River using Guid(f96cece3ca23a4b4c9639614998a1a9e) Importer(815301076,1909f56bfc062723c751e8b465ee728b)  -> (artifact id: 'f81126564d44ba47c3827dfb0e72b65a') in 0.008980 seconds 
========================================================================
Received Import Request.
  Time since last request: 0.000025 seconds.
  path: Assets/Resources/Cards/FCFC_1.prefab
  artifactKey: Guid(e68638d7e8fee8b45816d686e44c689e) Importer(815301076,1909f56bfc062723c751e8b465ee728b)
Start importing Assets/Resources/Cards/FCFC_1.prefab using Guid(e68638d7e8fee8b45816d686e44c689e) Importer(815301076,1909f56bfc062723c751e8b465ee728b)  -> (artifact id: '61d91d9f53e536b64ddfb331563d6ea9') in 0.028377 seconds 
========================================================================
Received Import Request.
  Time since last request: 0.000028 seconds.
  path: Assets/Resources/Cards/CRRF.png
  artifactKey: Guid(0c276cf16a5eca445ab0dc213f2484c5) Importer(815301076,1909f56bfc062723c751e8b465ee728b)
Start importing Assets/Resources/Cards/CRRF.png using Guid(0c276cf16a5eca445ab0dc213f2484c5) Importer(815301076,1909f56bfc062723c751e8b465ee728b)  -> (artifact id: '1c85b8ef436a4d6ea8320192c2855e7d') in 0.026450 seconds 
========================================================================
Received Prepare
Registering precompiled user dll's ...
Registered in 0.004379 seconds.
Begin MonoManager ReloadAssembly
Symbol file LoadedFromMemory doesn't match image C:\Users\fanat\source\repos\unity3dexamples\Carcassone\CarcassoneClient\Library\PackageCache\com.unity.visualscripting@1.7.6\Editor\VisualScripting.Core\Dependencies\YamlDotNet\Unity.VisualScripting.YamlDotNet.dll
Symbol file LoadedFromMemory is not a mono symbol file
Symbol file LoadedFromMemory doesn't match image C:\Users\fanat\source\repos\unity3dexamples\Carcassone\CarcassoneClient\Library\PackageCache\com.unity.visualscripting@1.7.6\Editor\VisualScripting.Core\Dependencies\DotNetZip\Unity.VisualScripting.IonicZip.dll
Symbol file LoadedFromMemory is not a mono symbol file
Native extension for WindowsStandalone target not found
Native extension for Android target not found
Native extension for WebGL target not found
Refreshing native plugins compatible for Editor in 1.22 ms, found 4 plugins.
Preloading 0 native plugins for Editor in 0.00 ms.
Mono: successfully reloaded assembly
- Completed reload, in  1.453 seconds
Domain Reload Profiling:
	ReloadAssembly (1454ms)
		BeginReloadAssembly (228ms)
			ExecutionOrderSort (0ms)
			DisableScriptedObjects (8ms)
			BackupInstance (0ms)
			ReleaseScriptingObjects (0ms)
			CreateAndSetChildDomain (69ms)
		EndReloadAssembly (1091ms)
			LoadAssemblies (222ms)
			RebuildTransferFunctionScriptingTraits (0ms)
			SetupTypeCache (345ms)
			ReleaseScriptCaches (2ms)
			RebuildScriptCaches (70ms)
			SetupLoadedEditorAssemblies (431ms)
				LogAssemblyErrors (0ms)
				InitializePlatformSupportModulesInManaged (21ms)
				SetLoadedEditorAssemblies (1ms)
				RefreshPlugins (1ms)
				BeforeProcessingInitializeOnLoad (94ms)
				ProcessInitializeOnLoadAttributes (262ms)
				ProcessInitializeOnLoadMethodAttributes (47ms)
				AfterProcessingInitializeOnLoad (4ms)
				EditorAssembliesLoaded (0ms)
			ExecutionOrderSort2 (0ms)
			AwakeInstancesAfterBackupRestoration (11ms)
Platform modules already initialized, skipping
Refreshing native plugins compatible for Editor in 3.24 ms, found 4 plugins.
Preloading 0 native plugins for Editor in 0.00 ms.
Unloading 3922 Unused Serialized files (Serialized files now loaded: 0)
Unloading 29 unused Assets / (192.6 KB). Loaded Objects now: 4410.
Memory consumption went from 153.8 MB to 153.6 MB.
Total: 7.109400 ms (FindLiveObjects: 0.565300 ms CreateObjectMapping: 0.605000 ms MarkObjects: 5.711500 ms  DeleteObjects: 0.225600 ms)

AssetImportParameters requested are different than current active one (requested -> active):
  custom:video-decoder-ogg-theora: a1e56fd34408186e4bbccfd4996cb3dc -> 
  custom:container-muxer-webm: aa71ff27fc2769a1b78a27578f13a17b -> 
  custom:container-demuxer-webm: 4f35f7cbe854078d1ac9338744f61a02 -> 
  custom:video-encoder-webm-vp8: eb34c28f22e8b96e1ab97ce403110664 -> 
  custom:audio-encoder-webm-vorbis: bf7c407c2cedff20999df2af8eb42d56 -> 
  custom:framework-win-MediaFoundation: 216162199b28c13a410421893ffa2e32 -> 
  custom:container-demuxer-ogg: 62fdf1f143b41e24485cea50d1cbac27 -> 
  custom:video-decoder-webm-vp8: 9c59270c3fd7afecdb556c50c9e8de78 -> 
  custom:audio-decoder-ogg-vorbis: bf7c407c2cedff20999df2af8eb42d56 -> 
========================================================================
Received Prepare
Registering precompiled user dll's ...
Registered in 0.004688 seconds.
Begin MonoManager ReloadAssembly
Symbol file LoadedFromMemory doesn't match image C:\Users\fanat\source\repos\unity3dexamples\Carcassone\CarcassoneClient\Library\PackageCache\com.unity.visualscripting@1.7.6\Editor\VisualScripting.Core\Dependencies\YamlDotNet\Unity.VisualScripting.YamlDotNet.dll
Symbol file LoadedFromMemory is not a mono symbol file
Symbol file LoadedFromMemory doesn't match image C:\Users\fanat\source\repos\unity3dexamples\Carcassone\CarcassoneClient\Library\PackageCache\com.unity.visualscripting@1.7.6\Editor\VisualScripting.Core\Dependencies\DotNetZip\Unity.VisualScripting.IonicZip.dll
Symbol file LoadedFromMemory is not a mono symbol file
Native extension for WindowsStandalone target not found
Native extension for Android target not found
Native extension for WebGL target not found
Refreshing native plugins compatible for Editor in 0.83 ms, found 4 plugins.
Preloading 0 native plugins for Editor in 0.00 ms.
Mono: successfully reloaded assembly
- Completed reload, in  1.020 seconds
Domain Reload Profiling:
	ReloadAssembly (1020ms)
		BeginReloadAssembly (136ms)
			ExecutionOrderSort (0ms)
			DisableScriptedObjects (7ms)
			BackupInstance (0ms)
			ReleaseScriptingObjects (0ms)
			CreateAndSetChildDomain (38ms)
		EndReloadAssembly (795ms)
			LoadAssemblies (104ms)
			RebuildTransferFunctionScriptingTraits (0ms)
			SetupTypeCache (223ms)
			ReleaseScriptCaches (1ms)
			RebuildScriptCaches (99ms)
			SetupLoadedEditorAssemblies (332ms)
				LogAssemblyErrors (0ms)
				InitializePlatformSupportModulesInManaged (25ms)
				SetLoadedEditorAssemblies (0ms)
				RefreshPlugins (1ms)
				BeforeProcessingInitializeOnLoad (74ms)
				ProcessInitializeOnLoadAttributes (193ms)
				ProcessInitializeOnLoadMethodAttributes (35ms)
				AfterProcessingInitializeOnLoad (5ms)
				EditorAssembliesLoaded (0ms)
			ExecutionOrderSort2 (0ms)
			AwakeInstancesAfterBackupRestoration (9ms)
Platform modules already initialized, skipping
Refreshing native plugins compatible for Editor in 2.59 ms, found 4 plugins.
Preloading 0 native plugins for Editor in 0.00 ms.
Unloading 3922 Unused Serialized files (Serialized files now loaded: 0)
Unloading 29 unused Assets / (192.7 KB). Loaded Objects now: 4413.
Memory consumption went from 153.8 MB to 153.6 MB.
Total: 2.996500 ms (FindLiveObjects: 0.337900 ms CreateObjectMapping: 0.240300 ms MarkObjects: 2.290800 ms  DeleteObjects: 0.126400 ms)

AssetImportParameters requested are different than current active one (requested -> active):
  custom:video-decoder-ogg-theora: a1e56fd34408186e4bbccfd4996cb3dc -> 
  custom:container-muxer-webm: aa71ff27fc2769a1b78a27578f13a17b -> 
  custom:container-demuxer-webm: 4f35f7cbe854078d1ac9338744f61a02 -> 
  custom:video-encoder-webm-vp8: eb34c28f22e8b96e1ab97ce403110664 -> 
  custom:audio-encoder-webm-vorbis: bf7c407c2cedff20999df2af8eb42d56 -> 
  custom:framework-win-MediaFoundation: 216162199b28c13a410421893ffa2e32 -> 
  custom:container-demuxer-ogg: 62fdf1f143b41e24485cea50d1cbac27 -> 
  custom:video-decoder-webm-vp8: 9c59270c3fd7afecdb556c50c9e8de78 -> 
  custom:audio-decoder-ogg-vorbis: bf7c407c2cedff20999df2af8eb42d56 -> 
========================================================================
Received Prepare
Registering precompiled user dll's ...
Registered in 0.004091 seconds.
Begin MonoManager ReloadAssembly
Symbol file LoadedFromMemory doesn't match image C:\Users\fanat\source\repos\unity3dexamples\Carcassone\CarcassoneClient\Library\PackageCache\com.unity.visualscripting@1.7.6\Editor\VisualScripting.Core\Dependencies\YamlDotNet\Unity.VisualScripting.YamlDotNet.dll
Symbol file LoadedFromMemory is not a mono symbol file
Symbol file LoadedFromMemory doesn't match image C:\Users\fanat\source\repos\unity3dexamples\Carcassone\CarcassoneClient\Library\PackageCache\com.unity.visualscripting@1.7.6\Editor\VisualScripting.Core\Dependencies\DotNetZip\Unity.VisualScripting.IonicZip.dll
Symbol file LoadedFromMemory is not a mono symbol file
Native extension for WindowsStandalone target not found
Native extension for Android target not found
Native extension for WebGL target not found
Refreshing native plugins compatible for Editor in 1.57 ms, found 4 plugins.
Preloading 0 native plugins for Editor in 0.00 ms.
Mono: successfully reloaded assembly
- Completed reload, in  1.433 seconds
Domain Reload Profiling:
	ReloadAssembly (1434ms)
		BeginReloadAssembly (352ms)
			ExecutionOrderSort (0ms)
			DisableScriptedObjects (14ms)
			BackupInstance (0ms)
			ReleaseScriptingObjects (0ms)
			CreateAndSetChildDomain (151ms)
		EndReloadAssembly (973ms)
			LoadAssemblies (219ms)
			RebuildTransferFunctionScriptingTraits (0ms)
			SetupTypeCache (280ms)
			ReleaseScriptCaches (2ms)
			RebuildScriptCaches (72ms)
			SetupLoadedEditorAssemblies (393ms)
				LogAssemblyErrors (0ms)
				InitializePlatformSupportModulesInManaged (26ms)
				SetLoadedEditorAssemblies (1ms)
				RefreshPlugins (2ms)
				BeforeProcessingInitializeOnLoad (86ms)
				ProcessInitializeOnLoadAttributes (236ms)
				ProcessInitializeOnLoadMethodAttributes (38ms)
				AfterProcessingInitializeOnLoad (5ms)
				EditorAssembliesLoaded (0ms)
			ExecutionOrderSort2 (0ms)
			AwakeInstancesAfterBackupRestoration (8ms)
Platform modules already initialized, skipping
Refreshing native plugins compatible for Editor in 4.83 ms, found 4 plugins.
Preloading 0 native plugins for Editor in 0.00 ms.
Unloading 3922 Unused Serialized files (Serialized files now loaded: 0)
Unloading 29 unused Assets / (192.3 KB). Loaded Objects now: 4416.
Memory consumption went from 153.8 MB to 153.6 MB.
Total: 3.858000 ms (FindLiveObjects: 0.428700 ms CreateObjectMapping: 0.267300 ms MarkObjects: 2.814600 ms  DeleteObjects: 0.346300 ms)

AssetImportParameters requested are different than current active one (requested -> active):
  custom:video-decoder-ogg-theora: a1e56fd34408186e4bbccfd4996cb3dc -> 
  custom:container-muxer-webm: aa71ff27fc2769a1b78a27578f13a17b -> 
  custom:container-demuxer-webm: 4f35f7cbe854078d1ac9338744f61a02 -> 
  custom:video-encoder-webm-vp8: eb34c28f22e8b96e1ab97ce403110664 -> 
  custom:audio-encoder-webm-vorbis: bf7c407c2cedff20999df2af8eb42d56 -> 
  custom:framework-win-MediaFoundation: 216162199b28c13a410421893ffa2e32 -> 
  custom:container-demuxer-ogg: 62fdf1f143b41e24485cea50d1cbac27 -> 
  custom:video-decoder-webm-vp8: 9c59270c3fd7afecdb556c50c9e8de78 -> 
  custom:audio-decoder-ogg-vorbis: bf7c407c2cedff20999df2af8eb42d56 -> 
========================================================================
Received Prepare
Registering precompiled user dll's ...
Registered in 0.005110 seconds.
Begin MonoManager ReloadAssembly
Symbol file LoadedFromMemory doesn't match image C:\Users\fanat\source\repos\unity3dexamples\Carcassone\CarcassoneClient\Library\PackageCache\com.unity.visualscripting@1.7.6\Editor\VisualScripting.Core\Dependencies\YamlDotNet\Unity.VisualScripting.YamlDotNet.dll
Symbol file LoadedFromMemory is not a mono symbol file
Symbol file LoadedFromMemory doesn't match image C:\Users\fanat\source\repos\unity3dexamples\Carcassone\CarcassoneClient\Library\PackageCache\com.unity.visualscripting@1.7.6\Editor\VisualScripting.Core\Dependencies\DotNetZip\Unity.VisualScripting.IonicZip.dll
Symbol file LoadedFromMemory is not a mono symbol file
Native extension for WindowsStandalone target not found
Native extension for Android target not found
Native extension for WebGL target not found
Refreshing native plugins compatible for Editor in 1.03 ms, found 4 plugins.
Preloading 0 native plugins for Editor in 0.00 ms.
Mono: successfully reloaded assembly
- Completed reload, in  1.399 seconds
Domain Reload Profiling:
	ReloadAssembly (1400ms)
		BeginReloadAssembly (209ms)
			ExecutionOrderSort (0ms)
			DisableScriptedObjects (11ms)
			BackupInstance (0ms)
			ReleaseScriptingObjects (0ms)
			CreateAndSetChildDomain (63ms)
		EndReloadAssembly (1054ms)
			LoadAssemblies (158ms)
			RebuildTransferFunctionScriptingTraits (0ms)
			SetupTypeCache (343ms)
			ReleaseScriptCaches (2ms)
			RebuildScriptCaches (73ms)
			SetupLoadedEditorAssemblies (432ms)
				LogAssemblyErrors (0ms)
				InitializePlatformSupportModulesInManaged (27ms)
				SetLoadedEditorAssemblies (2ms)
				RefreshPlugins (1ms)
				BeforeProcessingInitializeOnLoad (92ms)
				ProcessInitializeOnLoadAttributes (258ms)
				ProcessInitializeOnLoadMethodAttributes (45ms)
				AfterProcessingInitializeOnLoad (6ms)
				EditorAssembliesLoaded (0ms)
			ExecutionOrderSort2 (0ms)
			AwakeInstancesAfterBackupRestoration (10ms)
Platform modules already initialized, skipping
Refreshing native plugins compatible for Editor in 2.98 ms, found 4 plugins.
Preloading 0 native plugins for Editor in 0.00 ms.
Unloading 3922 Unused Serialized files (Serialized files now loaded: 0)
Unloading 29 unused Assets / (192.4 KB). Loaded Objects now: 4419.
Memory consumption went from 153.8 MB to 153.6 MB.
Total: 6.576300 ms (FindLiveObjects: 0.745100 ms CreateObjectMapping: 0.683800 ms MarkObjects: 4.780100 ms  DeleteObjects: 0.364000 ms)

AssetImportParameters requested are different than current active one (requested -> active):
  custom:video-decoder-ogg-theora: a1e56fd34408186e4bbccfd4996cb3dc -> 
  custom:container-muxer-webm: aa71ff27fc2769a1b78a27578f13a17b -> 
  custom:container-demuxer-webm: 4f35f7cbe854078d1ac9338744f61a02 -> 
  custom:video-encoder-webm-vp8: eb34c28f22e8b96e1ab97ce403110664 -> 
  custom:audio-encoder-webm-vorbis: bf7c407c2cedff20999df2af8eb42d56 -> 
  custom:framework-win-MediaFoundation: 216162199b28c13a410421893ffa2e32 -> 
  custom:container-demuxer-ogg: 62fdf1f143b41e24485cea50d1cbac27 -> 
  custom:video-decoder-webm-vp8: 9c59270c3fd7afecdb556c50c9e8de78 -> 
  custom:audio-decoder-ogg-vorbis: bf7c407c2cedff20999df2af8eb42d56 -> 
